  [1m[35mSQL (0.2ms)[0m  [1m[35mSET search_path TO public /*application='Backend'*/[0m
  [1m[35m (840.4ms)[0m  [1m[35mCREATE DATABASE "rabisco_development" ENCODING = 'unicode' /*application='Backend'*/[0m
  [1m[35mSQL (0.4ms)[0m  [1m[35mSET search_path TO public /*application='Backend'*/[0m
  [1m[35m (146.9ms)[0m  [1m[35mCREATE DATABASE "rabisco_test" ENCODING = 'unicode' /*application='Backend'*/[0m
Started GET "/" for ::1 at 2026-03-30 18:06:03 -0300
  [1m[35m (28.1ms)[0m  [1m[35mCREATE TABLE "schema_migrations" ("version" character varying NOT NULL PRIMARY KEY) /*application='Backend'*/[0m
  [1m[35m (10.4ms)[0m  [1m[35mCREATE TABLE "ar_internal_metadata" ("key" character varying NOT NULL PRIMARY KEY, "value" character varying, "created_at" timestamp(6) NOT NULL, "updated_at" timestamp(6) NOT NULL) /*application='Backend'*/[0m
  [1m[36mActiveRecord::SchemaMigration Load (0.7ms)[0m  [1m[34mSELECT "schema_migrations"."version" FROM "schema_migrations" ORDER BY "schema_migrations"."version" ASC /*application='Backend'*/[0m
Processing by Rails::WelcomeController#index as HTML
  Rendering /Users/anaclimgo/.local/share/mise/installs/ruby/3.4.7/lib/ruby/gems/3.4.0/gems/railties-8.1.3/lib/rails/templates/rails/welcome/index.html.erb
  Rendered /Users/anaclimgo/.local/share/mise/installs/ruby/3.4.7/lib/ruby/gems/3.4.0/gems/railties-8.1.3/lib/rails/templates/rails/welcome/index.html.erb (Duration: 0.3ms | GC: 0.0ms)
Completed 200 OK in 20ms (Views: 5.3ms | ActiveRecord: 0.0ms (0 queries, 0 cached) | GC: 0.5ms)


Started GET "/icon.png" for ::1 at 2026-03-30 18:06:04 -0300
  
ActionController::RoutingError (No route matches [GET] "/icon.png"):
  
  [1m[35m (2.3ms)[0m  [1m[34mSELECT pg_try_advisory_lock(6292772422089944070) /*application='Backend'*/[0m
  [1m[36mActiveRecord::SchemaMigration Load (10.7ms)[0m  [1m[34mSELECT "schema_migrations"."version" FROM "schema_migrations" ORDER BY "schema_migrations"."version" ASC /*application='Backend'*/[0m
  [1m[36mActiveRecord::InternalMetadata Load (5.9ms)[0m  [1m[34mSELECT * FROM "ar_internal_metadata" WHERE "ar_internal_metadata"."key" = 'environment' ORDER BY "ar_internal_metadata"."key" ASC LIMIT 1 /*application='Backend'*/[0m
  [1m[36mActiveRecord::InternalMetadata Create (5.1ms)[0m  [1m[32mINSERT INTO "ar_internal_metadata" ("key", "value", "created_at", "updated_at") VALUES ('environment', 'development', '2026-04-02 15:20:33.392410', '2026-04-02 15:20:33.392412') RETURNING "key" /*application='Backend'*/[0m
Migrating to CreatePrompts (20260402152026)
  [1m[36mTRANSACTION (0.1ms)[0m  [1m[35mBEGIN /*application='Backend'*/[0m
  [1m[35m (27.3ms)[0m  [1m[35mCREATE TABLE "prompts" ("id" bigserial primary key, "text" character varying, "difficulty" character varying, "category" character varying, "description" character varying, "created_at" timestamp(6) NOT NULL, "updated_at" timestamp(6) NOT NULL) /*application='Backend'*/[0m
  [1m[36mActiveRecord::SchemaMigration Create (0.7ms)[0m  [1m[32mINSERT INTO "schema_migrations" ("version") VALUES ('20260402152026') RETURNING "version" /*application='Backend'*/[0m
  [1m[36mTRANSACTION (0.4ms)[0m  [1m[35mCOMMIT /*application='Backend'*/[0m
  [1m[35m (1.0ms)[0m  [1m[34mSELECT pg_advisory_unlock(6292772422089944070) /*application='Backend'*/[0m
  [1m[36mActiveRecord::SchemaMigration Load (0.2ms)[0m  [1m[34mSELECT "schema_migrations"."version" FROM "schema_migrations" ORDER BY "schema_migrations"."version" ASC /*application='Backend'*/[0m
  [1m[35mSQL (0.1ms)[0m  [1m[35mSET search_path TO public /*application='Backend'*/[0m
  [1m[35mSQL (0.1ms)[0m  [1m[35mSET search_path TO "$user", public /*application='Backend'*/[0m
  [1m[35mSQL (0.1ms)[0m  [1m[35mSET search_path TO public /*application='Backend'*/[0m
  [1m[35mSQL (0.1ms)[0m  [1m[35mSET search_path TO "$user", public /*application='Backend'*/[0m
  [1m[36mActiveRecord::SchemaMigration Load (2.2ms)[0m  [1m[34mSELECT "schema_migrations"."version" FROM "schema_migrations" ORDER BY "schema_migrations"."version" ASC /*application='Backend'*/[0m
  [1m[36mTRANSACTION (0.1ms)[0m  [1m[35mBEGIN /*application='Backend'*/[0m
  [1m[36mPrompt Create (5.0ms)[0m  [1m[32mINSERT INTO "prompts" ("text", "difficulty", "category", "description", "created_at", "updated_at") VALUES ('Desenhe um gato dormindo', 'iniciante', 'animal', 'fofinho mas traiçoeiro. 3 batatas 🥔', '2026-04-02 15:38:04.236718', '2026-04-02 15:38:04.236718') RETURNING "id" /*application='Backend'*/[0m
  [1m[36mTRANSACTION (0.4ms)[0m  [1m[35mCOMMIT /*application='Backend'*/[0m
  [1m[36mTRANSACTION (0.1ms)[0m  [1m[35mBEGIN /*application='Backend'*/[0m
  [1m[36mPrompt Create (0.8ms)[0m  [1m[32mINSERT INTO "prompts" ("text", "difficulty", "category", "description", "created_at", "updated_at") VALUES ('Desenhe uma mão segurando uma xícara', 'intermediario', 'anatomia', 'já complica um pouco hein 👀 5 sapos 🐸', '2026-04-02 15:38:04.244937', '2026-04-02 15:38:04.244937') RETURNING "id" /*application='Backend'*/[0m
  [1m[36mTRANSACTION (0.1ms)[0m  [1m[35mCOMMIT /*application='Backend'*/[0m
  [1m[36mTRANSACTION (0.0ms)[0m  [1m[35mBEGIN /*application='Backend'*/[0m
  [1m[36mPrompt Create (0.7ms)[0m  [1m[32mINSERT INTO "prompts" ("text", "difficulty", "category", "description", "created_at", "updated_at") VALUES ('Desenhe um rosto de perfil', 'intermediario', 'rosto', 'confia no processo… 6 coelhos 🐰', '2026-04-02 15:38:04.246897', '2026-04-02 15:38:04.246897') RETURNING "id" /*application='Backend'*/[0m
  [1m[36mTRANSACTION (0.1ms)[0m  [1m[35mCOMMIT /*application='Backend'*/[0m
  [1m[36mTRANSACTION (0.1ms)[0m  [1m[35mBEGIN /*application='Backend'*/[0m
  [1m[36mPrompt Create (0.7ms)[0m  [1m[32mINSERT INTO "prompts" ("text", "difficulty", "category", "description", "created_at", "updated_at") VALUES ('Desenhe um cenário urbano em perspectiva', 'avancado', 'perspectiva', 'boa sorte… você vai precisar. 9 girafas 🦒', '2026-04-02 15:38:04.248618', '2026-04-02 15:38:04.248618') RETURNING "id" /*application='Backend'*/[0m
  [1m[36mTRANSACTION (0.2ms)[0m  [1m[35mCOMMIT /*application='Backend'*/[0m
  [1m[36mTRANSACTION (0.1ms)[0m  [1m[35mBEGIN /*application='Backend'*/[0m
  [1m[36mPrompt Create (0.7ms)[0m  [1m[32mINSERT INTO "prompts" ("text", "difficulty", "category", "description", "created_at", "updated_at") VALUES ('Desenhe uma cena complexa com múltiplos personagens', 'profissional', 'composicao', 'isso aqui é sofrimento artístico. 12 dragões 🐉', '2026-04-02 15:38:04.250417', '2026-04-02 15:38:04.250417') RETURNING "id" /*application='Backend'*/[0m
  [1m[36mTRANSACTION (0.2ms)[0m  [1m[35mCOMMIT /*application='Backend'*/[0m
  [1m[36mTRANSACTION (0.1ms)[0m  [1m[35mBEGIN /*application='Backend'*/[0m
  [1m[36mPrompt Create (0.8ms)[0m  [1m[32mINSERT INTO "prompts" ("text", "difficulty", "category", "description", "created_at", "updated_at") VALUES ('Desenhe algo que não faz sentido mas ainda parece real', 'caos', 'criatividade', 'nem eu tentaria isso. 20 entidades desconhecidas 👁️', '2026-04-02 15:38:04.252269', '2026-04-02 15:38:04.252269') RETURNING "id" /*application='Backend'*/[0m
  [1m[36mTRANSACTION (0.2ms)[0m  [1m[35mCOMMIT /*application='Backend'*/[0m
Started GET "/" for ::1 at 2026-04-02 12:45:41 -0300
  [1m[36mActiveRecord::SchemaMigration Load (0.9ms)[0m  [1m[34mSELECT "schema_migrations"."version" FROM "schema_migrations" ORDER BY "schema_migrations"."version" ASC /*application='Backend'*/[0m
Processing by Rails::WelcomeController#index as HTML
  Rendering /Users/anaclimgo/.local/share/mise/installs/ruby/3.4.7/lib/ruby/gems/3.4.0/gems/railties-8.1.3/lib/rails/templates/rails/welcome/index.html.erb
  Rendered /Users/anaclimgo/.local/share/mise/installs/ruby/3.4.7/lib/ruby/gems/3.4.0/gems/railties-8.1.3/lib/rails/templates/rails/welcome/index.html.erb (Duration: 0.7ms | GC: 0.0ms)
Completed 200 OK in 20ms (Views: 5.6ms | ActiveRecord: 0.0ms (0 queries, 0 cached) | GC: 0.6ms)


Started GET "/icon.png" for ::1 at 2026-04-02 12:45:41 -0300
  
ActionController::RoutingError (No route matches [GET] "/icon.png"):
  
Started GET "/api/v1/prompts/random?difficulty=iniciante" for ::1 at 2026-04-02 12:45:50 -0300
Processing by Api::V1::PromptsController#random as HTML
  Parameters: {"difficulty" => "iniciante"}
  [1m[36mPrompt Load (3.0ms)[0m  [1m[34mSELECT "prompts".* FROM "prompts" WHERE "prompts"."difficulty" = 'iniciante' ORDER BY RANDOM() LIMIT 1 /*action='random',application='Backend',controller='prompts'*/[0m
  ↳ app/controllers/api/v1/prompts_controller.rb:11:in 'Api::V1::PromptsController#random'
Completed 200 OK in 46ms (Views: 0.5ms | ActiveRecord: 17.6ms (1 query, 0 cached) | GC: 0.0ms)


Started GET "/favicon.ico" for ::1 at 2026-04-02 12:45:50 -0300
  
ActionController::RoutingError (No route matches [GET] "/favicon.ico"):
  
  [1m[36mActiveRecord::SchemaMigration Load (1.5ms)[0m  [1m[34mSELECT "schema_migrations"."version" FROM "schema_migrations" ORDER BY "schema_migrations"."version" ASC /*application='Backend'*/[0m
  [1m[36mPrompt Load (1.9ms)[0m  [1m[34mSELECT "prompts".* FROM "prompts" /*application='Backend'*/[0m
  [1m[36mTRANSACTION (0.1ms)[0m  [1m[35mBEGIN /*application='Backend'*/[0m
  [1m[36mPrompt Destroy (2.4ms)[0m  [1m[31mDELETE FROM "prompts" WHERE "prompts"."id" = 1 /*application='Backend'*/[0m
  [1m[36mTRANSACTION (0.9ms)[0m  [1m[35mCOMMIT /*application='Backend'*/[0m
  [1m[36mTRANSACTION (0.1ms)[0m  [1m[35mBEGIN /*application='Backend'*/[0m
  [1m[36mPrompt Destroy (0.7ms)[0m  [1m[31mDELETE FROM "prompts" WHERE "prompts"."id" = 2 /*application='Backend'*/[0m
  [1m[36mTRANSACTION (0.2ms)[0m  [1m[35mCOMMIT /*application='Backend'*/[0m
  [1m[36mTRANSACTION (0.1ms)[0m  [1m[35mBEGIN /*application='Backend'*/[0m
  [1m[36mPrompt Destroy (0.6ms)[0m  [1m[31mDELETE FROM "prompts" WHERE "prompts"."id" = 3 /*application='Backend'*/[0m
  [1m[36mTRANSACTION (0.2ms)[0m  [1m[35mCOMMIT /*application='Backend'*/[0m
  [1m[36mTRANSACTION (0.1ms)[0m  [1m[35mBEGIN /*application='Backend'*/[0m
  [1m[36mPrompt Destroy (0.7ms)[0m  [1m[31mDELETE FROM "prompts" WHERE "prompts"."id" = 4 /*application='Backend'*/[0m
  [1m[36mTRANSACTION (0.2ms)[0m  [1m[35mCOMMIT /*application='Backend'*/[0m
  [1m[36mTRANSACTION (0.1ms)[0m  [1m[35mBEGIN /*application='Backend'*/[0m
  [1m[36mPrompt Destroy (0.7ms)[0m  [1m[31mDELETE FROM "prompts" WHERE "prompts"."id" = 5 /*application='Backend'*/[0m
  [1m[36mTRANSACTION (0.2ms)[0m  [1m[35mCOMMIT /*application='Backend'*/[0m
  [1m[36mTRANSACTION (0.1ms)[0m  [1m[35mBEGIN /*application='Backend'*/[0m
  [1m[36mPrompt Destroy (0.7ms)[0m  [1m[31mDELETE FROM "prompts" WHERE "prompts"."id" = 6 /*application='Backend'*/[0m
  [1m[36mTRANSACTION (0.2ms)[0m  [1m[35mCOMMIT /*application='Backend'*/[0m
  [1m[36mTRANSACTION (0.1ms)[0m  [1m[35mBEGIN /*application='Backend'*/[0m
  [1m[36mPrompt Create (1.2ms)[0m  [1m[32mINSERT INTO "prompts" ("text", "difficulty", "category", "description", "created_at", "updated_at") VALUES ('Desenhe uma maçã', 'iniciante', 'objeto', 'simples… mas capricha hein. 2 coelhos 🐰', '2026-04-02 15:49:03.417845', '2026-04-02 15:49:03.417845') RETURNING "id" /*application='Backend'*/[0m
  [1m[36mTRANSACTION (0.2ms)[0m  [1m[35mCOMMIT /*application='Backend'*/[0m
  [1m[36mTRANSACTION (0.1ms)[0m  [1m[35mBEGIN /*application='Backend'*/[0m
  [1m[36mPrompt Create (0.9ms)[0m  [1m[32mINSERT INTO "prompts" ("text", "difficulty", "category", "description", "created_at", "updated_at") VALUES ('Desenhe uma caneca', 'iniciante', 'objeto', 'cilindro disfarçado 👀 3 batatas 🥔', '2026-04-02 15:49:03.420616', '2026-04-02 15:49:03.420616') RETURNING "id" /*application='Backend'*/[0m
  [1m[36mTRANSACTION (0.2ms)[0m  [1m[35mCOMMIT /*application='Backend'*/[0m
  [1m[36mTRANSACTION (0.1ms)[0m  [1m[35mBEGIN /*application='Backend'*/[0m
  [1m[36mPrompt Create (0.8ms)[0m  [1m[32mINSERT INTO "prompts" ("text", "difficulty", "category", "description", "created_at", "updated_at") VALUES ('Desenhe um peixe', 'iniciante', 'animal', 'não complica… por enquanto. 2 sapos 🐸', '2026-04-02 15:49:03.422747', '2026-04-02 15:49:03.422747') RETURNING "id" /*application='Backend'*/[0m
  [1m[36mTRANSACTION (0.2ms)[0m  [1m[35mCOMMIT /*application='Backend'*/[0m
  [1m[36mTRANSACTION (0.1ms)[0m  [1m[35mBEGIN /*application='Backend'*/[0m
  [1m[36mPrompt Create (0.7ms)[0m  [1m[32mINSERT INTO "prompts" ("text", "difficulty", "category", "description", "created_at", "updated_at") VALUES ('Desenhe um gato sentado', 'iniciante', 'animal', 'fofo mas traiçoeiro. 3 coelhos 🐰', '2026-04-02 15:49:03.424802', '2026-04-02 15:49:03.424802') RETURNING "id" /*application='Backend'*/[0m
  [1m[36mTRANSACTION (0.2ms)[0m  [1m[35mCOMMIT /*application='Backend'*/[0m
  [1m[36mTRANSACTION (0.1ms)[0m  [1m[35mBEGIN /*application='Backend'*/[0m
  [1m[36mPrompt Create (0.9ms)[0m  [1m[32mINSERT INTO "prompts" ("text", "difficulty", "category", "description", "created_at", "updated_at") VALUES ('Desenhe um cacto', 'iniciante', 'natureza', 'espinhos = personalidade. 2 girafas 🦒', '2026-04-02 15:49:03.436614', '2026-04-02 15:49:03.436614') RETURNING "id" /*application='Backend'*/[0m
  [1m[36mTRANSACTION (0.3ms)[0m  [1m[35mCOMMIT /*application='Backend'*/[0m
  [1m[36mTRANSACTION (0.1ms)[0m  [1m[35mBEGIN /*application='Backend'*/[0m
  [1m[36mPrompt Create (0.7ms)[0m  [1m[32mINSERT INTO "prompts" ("text", "difficulty", "category", "description", "created_at", "updated_at") VALUES ('Desenhe uma nuvem estilizada', 'iniciante', 'natureza', 'parece fácil… não é. 2 bananas 🍌', '2026-04-02 15:49:03.438984', '2026-04-02 15:49:03.438984') RETURNING "id" /*application='Backend'*/[0m
  [1m[36mTRANSACTION (0.2ms)[0m  [1m[35mCOMMIT /*application='Backend'*/[0m
  [1m[36mTRANSACTION (0.1ms)[0m  [1m[35mBEGIN /*application='Backend'*/[0m
  [1m[36mPrompt Create (0.7ms)[0m  [1m[32mINSERT INTO "prompts" ("text", "difficulty", "category", "description", "created_at", "updated_at") VALUES ('Desenhe um copo com água', 'iniciante', 'objeto', 'transparência te observa 👁️ 3 batatas 🥔', '2026-04-02 15:49:03.440814', '2026-04-02 15:49:03.440814') RETURNING "id" /*application='Backend'*/[0m
  [1m[36mTRANSACTION (0.2ms)[0m  [1m[35mCOMMIT /*application='Backend'*/[0m
  [1m[36mTRANSACTION (0.1ms)[0m  [1m[35mBEGIN /*application='Backend'*/[0m
  [1m[36mPrompt Create (1.3ms)[0m  [1m[32mINSERT INTO "prompts" ("text", "difficulty", "category", "description", "created_at", "updated_at") VALUES ('Desenhe uma flor simples', 'iniciante', 'natureza', 'clássico dos clássicos. 2 coelhos 🐰', '2026-04-02 15:49:03.443187', '2026-04-02 15:49:03.443187') RETURNING "id" /*application='Backend'*/[0m
  [1m[36mTRANSACTION (0.5ms)[0m  [1m[35mCOMMIT /*application='Backend'*/[0m
  [1m[36mTRANSACTION (0.1ms)[0m  [1m[35mBEGIN /*application='Backend'*/[0m
  [1m[36mPrompt Create (0.9ms)[0m  [1m[32mINSERT INTO "prompts" ("text", "difficulty", "category", "description", "created_at", "updated_at") VALUES ('Desenhe uma mão aberta', 'intermediario', 'anatomia', 'aqui começa o sofrimento. 5 sapos 🐸', '2026-04-02 15:49:03.445858', '2026-04-02 15:49:03.445858') RETURNING "id" /*application='Backend'*/[0m
  [1m[36mTRANSACTION (0.2ms)[0m  [1m[35mCOMMIT /*application='Backend'*/[0m
  [1m[36mTRANSACTION (0.1ms)[0m  [1m[35mBEGIN /*application='Backend'*/[0m
  [1m[36mPrompt Create (1.2ms)[0m  [1m[32mINSERT INTO "prompts" ("text", "difficulty", "category", "description", "created_at", "updated_at") VALUES ('Desenhe um rosto de perfil', 'intermediario', 'rosto', 'confia no processo… 6 coelhos 🐰', '2026-04-02 15:49:03.447892', '2026-04-02 15:49:03.447892') RETURNING "id" /*application='Backend'*/[0m
  [1m[36mTRANSACTION (0.2ms)[0m  [1m[35mCOMMIT /*application='Backend'*/[0m
  [1m[36mTRANSACTION (0.1ms)[0m  [1m[35mBEGIN /*application='Backend'*/[0m
  [1m[36mPrompt Create (0.7ms)[0m  [1m[32mINSERT INTO "prompts" ("text", "difficulty", "category", "description", "created_at", "updated_at") VALUES ('Desenhe um sapato', 'intermediario', 'objeto', 'ângulos suspeitos. 5 batatas 🥔', '2026-04-02 15:49:03.450236', '2026-04-02 15:49:03.450236') RETURNING "id" /*application='Backend'*/[0m
  [1m[36mTRANSACTION (0.2ms)[0m  [1m[35mCOMMIT /*application='Backend'*/[0m
  [1m[36mTRANSACTION (0.1ms)[0m  [1m[35mBEGIN /*application='Backend'*/[0m
  [1m[36mPrompt Create (0.7ms)[0m  [1m[32mINSERT INTO "prompts" ("text", "difficulty", "category", "description", "created_at", "updated_at") VALUES ('Desenhe um cachorro correndo', 'intermediario', 'animal', 'movimento é traiçoeiro 👀 6 sapos 🐸', '2026-04-02 15:49:03.452057', '2026-04-02 15:49:03.452057') RETURNING "id" /*application='Backend'*/[0m
  [1m[36mTRANSACTION (0.2ms)[0m  [1m[35mCOMMIT /*application='Backend'*/[0m
  [1m[36mTRANSACTION (0.1ms)[0m  [1m[35mBEGIN /*application='Backend'*/[0m
  [1m[36mPrompt Create (0.8ms)[0m  [1m[32mINSERT INTO "prompts" ("text", "difficulty", "category", "description", "created_at", "updated_at") VALUES ('Desenhe uma cadeira em perspectiva', 'intermediario', 'perspectiva', 'linhas vão te testar. 6 girafas 🦒', '2026-04-02 15:49:03.454348', '2026-04-02 15:49:03.454348') RETURNING "id" /*application='Backend'*/[0m
  [1m[36mTRANSACTION (0.2ms)[0m  [1m[35mCOMMIT /*application='Backend'*/[0m
  [1m[36mTRANSACTION (0.1ms)[0m  [1m[35mBEGIN /*application='Backend'*/[0m
  [1m[36mPrompt Create (0.7ms)[0m  [1m[32mINSERT INTO "prompts" ("text", "difficulty", "category", "description", "created_at", "updated_at") VALUES ('Desenhe uma pessoa sentada', 'intermediario', 'anatomia', 'proporção é tudo. 6 coelhos 🐰', '2026-04-02 15:49:03.456302', '2026-04-02 15:49:03.456302') RETURNING "id" /*application='Backend'*/[0m
  [1m[36mTRANSACTION (0.2ms)[0m  [1m[35mCOMMIT /*application='Backend'*/[0m
  [1m[36mTRANSACTION (0.1ms)[0m  [1m[35mBEGIN /*application='Backend'*/[0m
  [1m[36mPrompt Create (0.7ms)[0m  [1m[32mINSERT INTO "prompts" ("text", "difficulty", "category", "description", "created_at", "updated_at") VALUES ('Desenhe um olho realista', 'intermediario', 'rosto', 'a alma tá nos detalhes. 5 sapos 🐸', '2026-04-02 15:49:03.458144', '2026-04-02 15:49:03.458144') RETURNING "id" /*application='Backend'*/[0m
  [1m[36mTRANSACTION (0.3ms)[0m  [1m[35mCOMMIT /*application='Backend'*/[0m
  [1m[36mTRANSACTION (0.1ms)[0m  [1m[35mBEGIN /*application='Backend'*/[0m
  [1m[36mPrompt Create (0.8ms)[0m  [1m[32mINSERT INTO "prompts" ("text", "difficulty", "category", "description", "created_at", "updated_at") VALUES ('Desenhe duas pessoas interagindo', 'avancado', 'anatomia', 'caos controlado. 8 girafas 🦒', '2026-04-02 15:49:03.461789', '2026-04-02 15:49:03.461789') RETURNING "id" /*application='Backend'*/[0m
  [1m[36mTRANSACTION (0.3ms)[0m  [1m[35mCOMMIT /*application='Backend'*/[0m
  [1m[36mTRANSACTION (0.1ms)[0m  [1m[35mBEGIN /*application='Backend'*/[0m
  [1m[36mPrompt Create (0.7ms)[0m  [1m[32mINSERT INTO "prompts" ("text", "difficulty", "category", "description", "created_at", "updated_at") VALUES ('Desenhe uma rua em perspectiva', 'avancado', 'perspectiva', 'linhas infinitas te observam 👁️ 9 sapos 🐸', '2026-04-02 15:49:03.463753', '2026-04-02 15:49:03.463753') RETURNING "id" /*application='Backend'*/[0m
  [1m[36mTRANSACTION (0.2ms)[0m  [1m[35mCOMMIT /*application='Backend'*/[0m
  [1m[36mTRANSACTION (0.1ms)[0m  [1m[35mBEGIN /*application='Backend'*/[0m
  [1m[36mPrompt Create (0.7ms)[0m  [1m[32mINSERT INTO "prompts" ("text", "difficulty", "category", "description", "created_at", "updated_at") VALUES ('Desenhe um corpo em movimento', 'avancado', 'anatomia', 'fluidez ou nada. 8 coelhos 🐰', '2026-04-02 15:49:03.465494', '2026-04-02 15:49:03.465494') RETURNING "id" /*application='Backend'*/[0m
  [1m[36mTRANSACTION (0.2ms)[0m  [1m[35mCOMMIT /*application='Backend'*/[0m
  [1m[36mTRANSACTION (0.1ms)[0m  [1m[35mBEGIN /*application='Backend'*/[0m
  [1m[36mPrompt Create (0.7ms)[0m  [1m[32mINSERT INTO "prompts" ("text", "difficulty", "category", "description", "created_at", "updated_at") VALUES ('Desenhe um quarto bagunçado', 'avancado', 'cenario', 'detalhes infinitos. 9 batatas 🥔', '2026-04-02 15:49:03.467187', '2026-04-02 15:49:03.467187') RETURNING "id" /*application='Backend'*/[0m
  [1m[36mTRANSACTION (0.2ms)[0m  [1m[35mCOMMIT /*application='Backend'*/[0m
  [1m[36mTRANSACTION (0.1ms)[0m  [1m[35mBEGIN /*application='Backend'*/[0m
  [1m[36mPrompt Create (0.7ms)[0m  [1m[32mINSERT INTO "prompts" ("text", "difficulty", "category", "description", "created_at", "updated_at") VALUES ('Desenhe um retrato com sombras fortes', 'avancado', 'luz', 'luz e sombra brigando. 9 sapos 🐸', '2026-04-02 15:49:03.468935', '2026-04-02 15:49:03.468935') RETURNING "id" /*application='Backend'*/[0m
  [1m[36mTRANSACTION (0.2ms)[0m  [1m[35mCOMMIT /*application='Backend'*/[0m
  [1m[36mTRANSACTION (0.1ms)[0m  [1m[35mBEGIN /*application='Backend'*/[0m
  [1m[36mPrompt Create (7.4ms)[0m  [1m[32mINSERT INTO "prompts" ("text", "difficulty", "category", "description", "created_at", "updated_at") VALUES ('Desenhe uma cena com 3 personagens', 'profissional', 'composicao', 'isso aqui é dor. 12 dragões 🐉', '2026-04-02 15:49:03.470734', '2026-04-02 15:49:03.470734') RETURNING "id" /*application='Backend'*/[0m
  [1m[36mTRANSACTION (0.3ms)[0m  [1m[35mCOMMIT /*application='Backend'*/[0m
  [1m[36mTRANSACTION (0.1ms)[0m  [1m[35mBEGIN /*application='Backend'*/[0m
  [1m[36mPrompt Create (0.7ms)[0m  [1m[32mINSERT INTO "prompts" ("text", "difficulty", "category", "description", "created_at", "updated_at") VALUES ('Desenhe uma ilustração completa', 'profissional', 'composicao', 'boa sorte… sério. 12 girafas 🦒', '2026-04-02 15:49:03.479590', '2026-04-02 15:49:03.479590') RETURNING "id" /*application='Backend'*/[0m
  [1m[36mTRANSACTION (0.2ms)[0m  [1m[35mCOMMIT /*application='Backend'*/[0m
  [1m[36mTRANSACTION (0.1ms)[0m  [1m[35mBEGIN /*application='Backend'*/[0m
  [1m[36mPrompt Create (0.7ms)[0m  [1m[32mINSERT INTO "prompts" ("text", "difficulty", "category", "description", "created_at", "updated_at") VALUES ('Desenhe um cenário complexo com profundidade', 'profissional', 'perspectiva', 'profundidade mental também. 13 entidades 👁️', '2026-04-02 15:49:03.481498', '2026-04-02 15:49:03.481498') RETURNING "id" /*application='Backend'*/[0m
  [1m[36mTRANSACTION (0.2ms)[0m  [1m[35mCOMMIT /*application='Backend'*/[0m
  [1m[36mTRANSACTION (0.1ms)[0m  [1m[35mBEGIN /*application='Backend'*/[0m
  [1m[36mPrompt Create (0.7ms)[0m  [1m[32mINSERT INTO "prompts" ("text", "difficulty", "category", "description", "created_at", "updated_at") VALUES ('Desenhe um peixe com pernas humanas', 'caos', 'criatividade', 'não questione. 15 entidades 👁️', '2026-04-02 15:49:03.483561', '2026-04-02 15:49:03.483561') RETURNING "id" /*application='Backend'*/[0m
  [1m[36mTRANSACTION (0.2ms)[0m  [1m[35mCOMMIT /*application='Backend'*/[0m
  [1m[36mTRANSACTION (0.1ms)[0m  [1m[35mBEGIN /*application='Backend'*/[0m
  [1m[36mPrompt Create (0.7ms)[0m  [1m[32mINSERT INTO "prompts" ("text", "difficulty", "category", "description", "created_at", "updated_at") VALUES ('Desenhe um cavalo feito de gelatina', 'caos', 'criatividade', 'isso foi um erro. 17 girafas 🦒', '2026-04-02 15:49:03.485211', '2026-04-02 15:49:03.485211') RETURNING "id" /*application='Backend'*/[0m
  [1m[36mTRANSACTION (0.3ms)[0m  [1m[35mCOMMIT /*application='Backend'*/[0m
  [1m[36mTRANSACTION (0.1ms)[0m  [1m[35mBEGIN /*application='Backend'*/[0m
  [1m[36mPrompt Create (1.0ms)[0m  [1m[32mINSERT INTO "prompts" ("text", "difficulty", "category", "description", "created_at", "updated_at") VALUES ('Desenhe um objeto cotidiano vivo', 'caos', 'criatividade', 'ele te observa. 16 sapos 🐸', '2026-04-02 15:49:03.487010', '2026-04-02 15:49:03.487010') RETURNING "id" /*application='Backend'*/[0m
  [1m[36mTRANSACTION (0.2ms)[0m  [1m[35mCOMMIT /*application='Backend'*/[0m
  [1m[36mTRANSACTION (0.1ms)[0m  [1m[35mBEGIN /*application='Backend'*/[0m
  [1m[36mPrompt Create (0.6ms)[0m  [1m[32mINSERT INTO "prompts" ("text", "difficulty", "category", "description", "created_at", "updated_at") VALUES ('Desenhe algo que não deveria existir', 'caos', 'criatividade', 'nem olha muito. 20 entidades 👁️', '2026-04-02 15:49:03.489072', '2026-04-02 15:49:03.489072') RETURNING "id" /*application='Backend'*/[0m
  [1m[36mTRANSACTION (0.2ms)[0m  [1m[35mCOMMIT /*application='Backend'*/[0m
  [1m[36mPrompt Count (2.6ms)[0m  [1m[34mSELECT COUNT(*) FROM "prompts" /*application='Backend'*/[0m
Started GET "/api/v1/prompts/random?difficulty=iniciante" for ::1 at 2026-04-06 14:43:19 -0300
  [1m[36mActiveRecord::SchemaMigration Load (2.1ms)[0m  [1m[34mSELECT "schema_migrations"."version" FROM "schema_migrations" ORDER BY "schema_migrations"."version" ASC /*application='Backend'*/[0m
Processing by Api::V1::PromptsController#random as HTML
  Parameters: {"difficulty" => "iniciante"}
  [1m[36mPrompt Load (3.2ms)[0m  [1m[34mSELECT "prompts".* FROM "prompts" WHERE "prompts"."difficulty" = 'iniciante' ORDER BY RANDOM() LIMIT 1 /*action='random',application='Backend',controller='prompts'*/[0m
  ↳ app/controllers/api/v1/prompts_controller.rb:10:in 'Api::V1::PromptsController#random'
Completed 200 OK in 44ms (Views: 0.3ms | ActiveRecord: 17.4ms (1 query, 0 cached) | GC: 0.0ms)


Started GET "/favicon.ico" for ::1 at 2026-04-06 14:43:20 -0300
  
ActionController::RoutingError (No route matches [GET] "/favicon.ico"):
  
Started GET "/api/v1/prompts/random?difficulty=iniciante" for ::1 at 2026-04-06 14:43:36 -0300
Processing by Api::V1::PromptsController#random as HTML
  Parameters: {"difficulty" => "iniciante"}
  [1m[36mPrompt Load (1.4ms)[0m  [1m[34mSELECT "prompts".* FROM "prompts" WHERE "prompts"."difficulty" = 'iniciante' ORDER BY RANDOM() LIMIT 1 /*action='random',application='Backend',controller='prompts'*/[0m
  ↳ app/controllers/api/v1/prompts_controller.rb:10:in 'Api::V1::PromptsController#random'
Completed 200 OK in 5ms (Views: 0.3ms | ActiveRecord: 1.4ms (1 query, 0 cached) | GC: 0.0ms)


Started GET "/api/v1/prompts/random?difficulty=iniciante" for ::1 at 2026-04-06 14:43:41 -0300
Processing by Api::V1::PromptsController#random as HTML
  Parameters: {"difficulty" => "iniciante"}
  [1m[36mPrompt Load (0.5ms)[0m  [1m[34mSELECT "prompts".* FROM "prompts" WHERE "prompts"."difficulty" = 'iniciante' ORDER BY RANDOM() LIMIT 1 /*action='random',application='Backend',controller='prompts'*/[0m
  ↳ app/controllers/api/v1/prompts_controller.rb:10:in 'Api::V1::PromptsController#random'
Completed 200 OK in 3ms (Views: 0.3ms | ActiveRecord: 0.5ms (1 query, 0 cached) | GC: 0.0ms)


Started GET "/api/v1/prompts/random?difficulty=iniciante" for ::1 at 2026-04-06 14:43:42 -0300
Processing by Api::V1::PromptsController#random as HTML
  Parameters: {"difficulty" => "iniciante"}
  [1m[36mPrompt Load (0.5ms)[0m  [1m[34mSELECT "prompts".* FROM "prompts" WHERE "prompts"."difficulty" = 'iniciante' ORDER BY RANDOM() LIMIT 1 /*action='random',application='Backend',controller='prompts'*/[0m
  ↳ app/controllers/api/v1/prompts_controller.rb:10:in 'Api::V1::PromptsController#random'
Completed 200 OK in 3ms (Views: 0.2ms | ActiveRecord: 0.5ms (1 query, 0 cached) | GC: 0.0ms)


Started GET "/api/v1/prompts/random?difficulty=iniciante" for ::1 at 2026-04-06 14:43:43 -0300
Processing by Api::V1::PromptsController#random as HTML
  Parameters: {"difficulty" => "iniciante"}
  [1m[36mPrompt Load (0.5ms)[0m  [1m[34mSELECT "prompts".* FROM "prompts" WHERE "prompts"."difficulty" = 'iniciante' ORDER BY RANDOM() LIMIT 1 /*action='random',application='Backend',controller='prompts'*/[0m
  ↳ app/controllers/api/v1/prompts_controller.rb:10:in 'Api::V1::PromptsController#random'
Completed 200 OK in 3ms (Views: 0.4ms | ActiveRecord: 0.5ms (1 query, 0 cached) | GC: 0.0ms)


Started GET "/api/v1/prompts/random?difficulty=iniciante" for ::1 at 2026-04-06 14:43:44 -0300
Processing by Api::V1::PromptsController#random as HTML
  Parameters: {"difficulty" => "iniciante"}
  [1m[36mPrompt Load (0.5ms)[0m  [1m[34mSELECT "prompts".* FROM "prompts" WHERE "prompts"."difficulty" = 'iniciante' ORDER BY RANDOM() LIMIT 1 /*action='random',application='Backend',controller='prompts'*/[0m
  ↳ app/controllers/api/v1/prompts_controller.rb:10:in 'Api::V1::PromptsController#random'
Completed 200 OK in 3ms (Views: 0.3ms | ActiveRecord: 0.4ms (1 query, 0 cached) | GC: 0.0ms)


Started GET "/api/v1/prompts/random?difficulty=iniciante" for ::1 at 2026-04-06 14:43:44 -0300
Processing by Api::V1::PromptsController#random as HTML
  Parameters: {"difficulty" => "iniciante"}
  [1m[36mPrompt Load (0.8ms)[0m  [1m[34mSELECT "prompts".* FROM "prompts" WHERE "prompts"."difficulty" = 'iniciante' ORDER BY RANDOM() LIMIT 1 /*action='random',application='Backend',controller='prompts'*/[0m
  ↳ app/controllers/api/v1/prompts_controller.rb:10:in 'Api::V1::PromptsController#random'
Completed 200 OK in 4ms (Views: 0.3ms | ActiveRecord: 0.8ms (1 query, 0 cached) | GC: 0.0ms)


Started GET "/api/v1/prompts/random?difficulty=iniciante" for ::1 at 2026-04-06 14:43:45 -0300
Processing by Api::V1::PromptsController#random as HTML
  Parameters: {"difficulty" => "iniciante"}
  [1m[36mPrompt Load (0.5ms)[0m  [1m[34mSELECT "prompts".* FROM "prompts" WHERE "prompts"."difficulty" = 'iniciante' ORDER BY RANDOM() LIMIT 1 /*action='random',application='Backend',controller='prompts'*/[0m
  ↳ app/controllers/api/v1/prompts_controller.rb:10:in 'Api::V1::PromptsController#random'
Completed 200 OK in 3ms (Views: 0.5ms | ActiveRecord: 0.5ms (1 query, 0 cached) | GC: 0.0ms)


Started GET "/api/v1/prompts/random?difficulty=iniciante" for ::1 at 2026-04-06 14:43:45 -0300
Processing by Api::V1::PromptsController#random as HTML
  Parameters: {"difficulty" => "iniciante"}
  [1m[36mPrompt Load (0.4ms)[0m  [1m[34mSELECT "prompts".* FROM "prompts" WHERE "prompts"."difficulty" = 'iniciante' ORDER BY RANDOM() LIMIT 1 /*action='random',application='Backend',controller='prompts'*/[0m
  ↳ app/controllers/api/v1/prompts_controller.rb:10:in 'Api::V1::PromptsController#random'
Completed 200 OK in 3ms (Views: 0.3ms | ActiveRecord: 0.4ms (1 query, 0 cached) | GC: 0.0ms)


Started GET "/api/v1/prompts/random?difficulty=iniciante" for ::1 at 2026-04-06 14:43:46 -0300
Processing by Api::V1::PromptsController#random as HTML
  Parameters: {"difficulty" => "iniciante"}
  [1m[36mPrompt Load (0.5ms)[0m  [1m[34mSELECT "prompts".* FROM "prompts" WHERE "prompts"."difficulty" = 'iniciante' ORDER BY RANDOM() LIMIT 1 /*action='random',application='Backend',controller='prompts'*/[0m
  ↳ app/controllers/api/v1/prompts_controller.rb:10:in 'Api::V1::PromptsController#random'
Completed 200 OK in 3ms (Views: 0.4ms | ActiveRecord: 0.5ms (1 query, 0 cached) | GC: 0.0ms)


Started GET "/api/v1/prompts/random?difficulty=iniciante" for ::1 at 2026-04-06 14:43:46 -0300
Processing by Api::V1::PromptsController#random as HTML
  Parameters: {"difficulty" => "iniciante"}
  [1m[36mPrompt Load (0.5ms)[0m  [1m[34mSELECT "prompts".* FROM "prompts" WHERE "prompts"."difficulty" = 'iniciante' ORDER BY RANDOM() LIMIT 1 /*action='random',application='Backend',controller='prompts'*/[0m
  ↳ app/controllers/api/v1/prompts_controller.rb:10:in 'Api::V1::PromptsController#random'
Completed 200 OK in 2ms (Views: 0.2ms | ActiveRecord: 0.5ms (1 query, 0 cached) | GC: 0.0ms)


Started GET "/api/v1/prompts/random?difficulty=iniciante" for ::1 at 2026-04-06 14:43:46 -0300
Processing by Api::V1::PromptsController#random as HTML
  Parameters: {"difficulty" => "iniciante"}
  [1m[36mPrompt Load (0.5ms)[0m  [1m[34mSELECT "prompts".* FROM "prompts" WHERE "prompts"."difficulty" = 'iniciante' ORDER BY RANDOM() LIMIT 1 /*action='random',application='Backend',controller='prompts'*/[0m
  ↳ app/controllers/api/v1/prompts_controller.rb:10:in 'Api::V1::PromptsController#random'
Completed 200 OK in 2ms (Views: 0.2ms | ActiveRecord: 0.5ms (1 query, 0 cached) | GC: 0.0ms)


Started GET "/api/v1/prompts/random?difficulty=iniciante" for ::1 at 2026-04-06 14:43:46 -0300
Processing by Api::V1::PromptsController#random as HTML
  Parameters: {"difficulty" => "iniciante"}
  [1m[36mPrompt Load (0.4ms)[0m  [1m[34mSELECT "prompts".* FROM "prompts" WHERE "prompts"."difficulty" = 'iniciante' ORDER BY RANDOM() LIMIT 1 /*action='random',application='Backend',controller='prompts'*/[0m
  ↳ app/controllers/api/v1/prompts_controller.rb:10:in 'Api::V1::PromptsController#random'
Completed 200 OK in 3ms (Views: 0.3ms | ActiveRecord: 0.4ms (1 query, 0 cached) | GC: 0.0ms)


Started GET "/api/v1/prompts/random?difficulty=iniciante" for ::1 at 2026-04-06 14:43:46 -0300
Processing by Api::V1::PromptsController#random as HTML
  Parameters: {"difficulty" => "iniciante"}
  [1m[36mPrompt Load (0.4ms)[0m  [1m[34mSELECT "prompts".* FROM "prompts" WHERE "prompts"."difficulty" = 'iniciante' ORDER BY RANDOM() LIMIT 1 /*action='random',application='Backend',controller='prompts'*/[0m
  ↳ app/controllers/api/v1/prompts_controller.rb:10:in 'Api::V1::PromptsController#random'
Completed 200 OK in 3ms (Views: 0.3ms | ActiveRecord: 0.4ms (1 query, 0 cached) | GC: 0.0ms)


Started GET "/api/v1/prompts/random?difficulty=iniciante" for ::1 at 2026-04-06 14:43:47 -0300
Processing by Api::V1::PromptsController#random as HTML
  Parameters: {"difficulty" => "iniciante"}
  [1m[36mPrompt Load (0.4ms)[0m  [1m[34mSELECT "prompts".* FROM "prompts" WHERE "prompts"."difficulty" = 'iniciante' ORDER BY RANDOM() LIMIT 1 /*action='random',application='Backend',controller='prompts'*/[0m
  ↳ app/controllers/api/v1/prompts_controller.rb:10:in 'Api::V1::PromptsController#random'
Completed 200 OK in 3ms (Views: 0.3ms | ActiveRecord: 0.4ms (1 query, 0 cached) | GC: 0.0ms)


Started GET "/api/v1/prompts/random?difficulty=iniciante" for ::1 at 2026-04-06 14:43:47 -0300
Processing by Api::V1::PromptsController#random as HTML
  Parameters: {"difficulty" => "iniciante"}
  [1m[36mPrompt Load (0.3ms)[0m  [1m[34mSELECT "prompts".* FROM "prompts" WHERE "prompts"."difficulty" = 'iniciante' ORDER BY RANDOM() LIMIT 1 /*action='random',application='Backend',controller='prompts'*/[0m
  ↳ app/controllers/api/v1/prompts_controller.rb:10:in 'Api::V1::PromptsController#random'
Completed 200 OK in 2ms (Views: 0.3ms | ActiveRecord: 0.3ms (1 query, 0 cached) | GC: 0.0ms)


Started GET "/api/v1/prompts/random?difficulty=iniciante" for ::1 at 2026-04-06 14:43:47 -0300
Processing by Api::V1::PromptsController#random as HTML
  Parameters: {"difficulty" => "iniciante"}
  [1m[36mPrompt Load (0.4ms)[0m  [1m[34mSELECT "prompts".* FROM "prompts" WHERE "prompts"."difficulty" = 'iniciante' ORDER BY RANDOM() LIMIT 1 /*action='random',application='Backend',controller='prompts'*/[0m
  ↳ app/controllers/api/v1/prompts_controller.rb:10:in 'Api::V1::PromptsController#random'
Completed 200 OK in 2ms (Views: 0.3ms | ActiveRecord: 0.4ms (1 query, 0 cached) | GC: 0.0ms)


Started GET "/api/v1/prompts/random?difficulty=iniciante" for ::1 at 2026-04-06 14:43:47 -0300
Processing by Api::V1::PromptsController#random as HTML
  Parameters: {"difficulty" => "iniciante"}
  [1m[36mPrompt Load (0.4ms)[0m  [1m[34mSELECT "prompts".* FROM "prompts" WHERE "prompts"."difficulty" = 'iniciante' ORDER BY RANDOM() LIMIT 1 /*action='random',application='Backend',controller='prompts'*/[0m
  ↳ app/controllers/api/v1/prompts_controller.rb:10:in 'Api::V1::PromptsController#random'
Completed 200 OK in 3ms (Views: 0.3ms | ActiveRecord: 0.4ms (1 query, 0 cached) | GC: 0.0ms)


Started GET "/api/v1/prompts/random?difficulty=iniciante" for ::1 at 2026-04-06 14:43:47 -0300
Processing by Api::V1::PromptsController#random as HTML
  Parameters: {"difficulty" => "iniciante"}
  [1m[36mPrompt Load (0.4ms)[0m  [1m[34mSELECT "prompts".* FROM "prompts" WHERE "prompts"."difficulty" = 'iniciante' ORDER BY RANDOM() LIMIT 1 /*action='random',application='Backend',controller='prompts'*/[0m
  ↳ app/controllers/api/v1/prompts_controller.rb:10:in 'Api::V1::PromptsController#random'
Completed 200 OK in 2ms (Views: 0.3ms | ActiveRecord: 0.4ms (1 query, 0 cached) | GC: 0.0ms)


Started GET "/api/v1/prompts/random?difficulty=iniciante" for ::1 at 2026-04-06 14:43:47 -0300
Processing by Api::V1::PromptsController#random as HTML
  Parameters: {"difficulty" => "iniciante"}
  [1m[36mPrompt Load (0.4ms)[0m  [1m[34mSELECT "prompts".* FROM "prompts" WHERE "prompts"."difficulty" = 'iniciante' ORDER BY RANDOM() LIMIT 1 /*action='random',application='Backend',controller='prompts'*/[0m
  ↳ app/controllers/api/v1/prompts_controller.rb:10:in 'Api::V1::PromptsController#random'
Completed 200 OK in 2ms (Views: 0.3ms | ActiveRecord: 0.4ms (1 query, 0 cached) | GC: 0.0ms)


Started GET "/api/v1/prompts/random?difficulty=iniciante" for ::1 at 2026-04-06 14:43:47 -0300
Processing by Api::V1::PromptsController#random as HTML
  Parameters: {"difficulty" => "iniciante"}
  [1m[36mPrompt Load (0.4ms)[0m  [1m[34mSELECT "prompts".* FROM "prompts" WHERE "prompts"."difficulty" = 'iniciante' ORDER BY RANDOM() LIMIT 1 /*action='random',application='Backend',controller='prompts'*/[0m
  ↳ app/controllers/api/v1/prompts_controller.rb:10:in 'Api::V1::PromptsController#random'
Completed 200 OK in 2ms (Views: 0.2ms | ActiveRecord: 0.4ms (1 query, 0 cached) | GC: 0.0ms)


Started GET "/api/v1/prompts/random?difficulty=iniciante&exclude_ids=" for ::1 at 2026-04-06 14:55:45 -0300
Processing by Api::V1::PromptsController#random as */*
  Parameters: {"difficulty" => "iniciante", "exclude_ids" => ""}
  [1m[36mPrompt Load (3.3ms)[0m  [1m[34mSELECT "prompts".* FROM "prompts" WHERE "prompts"."difficulty" = 'iniciante' ORDER BY RANDOM() LIMIT 1 /*action='random',application='Backend',controller='prompts'*/[0m
  ↳ app/controllers/api/v1/prompts_controller.rb:10:in 'Api::V1::PromptsController#random'
Completed 200 OK in 67ms (Views: 1.4ms | ActiveRecord: 24.6ms (1 query, 0 cached) | GC: 0.0ms)


Started GET "/api/v1/prompts/random?difficulty=iniciante&exclude_ids=11" for ::1 at 2026-04-06 14:55:46 -0300
Processing by Api::V1::PromptsController#random as */*
  Parameters: {"difficulty" => "iniciante", "exclude_ids" => "11"}
  [1m[36mPrompt Load (1.0ms)[0m  [1m[34mSELECT "prompts".* FROM "prompts" WHERE "prompts"."difficulty" = 'iniciante' AND "prompts"."id" != 11 ORDER BY RANDOM() LIMIT 1 /*action='random',application='Backend',controller='prompts'*/[0m
  ↳ app/controllers/api/v1/prompts_controller.rb:10:in 'Api::V1::PromptsController#random'
Completed 200 OK in 5ms (Views: 0.4ms | ActiveRecord: 1.0ms (1 query, 0 cached) | GC: 0.0ms)


Started GET "/api/v1/prompts/random?difficulty=avancado&exclude_ids=11%2C10" for ::1 at 2026-04-06 15:00:27 -0300
Processing by Api::V1::PromptsController#random as */*
  Parameters: {"difficulty" => "avancado", "exclude_ids" => "11,10"}
  [1m[36mPrompt Load (34.3ms)[0m  [1m[34mSELECT "prompts".* FROM "prompts" WHERE "prompts"."difficulty" = 'avancado' AND "prompts"."id" NOT IN (11, 10) ORDER BY RANDOM() LIMIT 1 /*action='random',application='Backend',controller='prompts'*/[0m
  ↳ app/controllers/api/v1/prompts_controller.rb:10:in 'Api::V1::PromptsController#random'
Completed 200 OK in 46ms (Views: 1.8ms | ActiveRecord: 34.3ms (1 query, 0 cached) | GC: 0.0ms)


Started GET "/api/v1/prompts/random?difficulty=caos&exclude_ids=11%2C10%2C22" for ::1 at 2026-04-06 15:00:32 -0300
Processing by Api::V1::PromptsController#random as */*
  Parameters: {"difficulty" => "caos", "exclude_ids" => "11,10,22"}
  [1m[36mPrompt Load (0.8ms)[0m  [1m[34mSELECT "prompts".* FROM "prompts" WHERE "prompts"."difficulty" = 'caos' AND "prompts"."id" NOT IN (11, 10, 22) ORDER BY RANDOM() LIMIT 1 /*action='random',application='Backend',controller='prompts'*/[0m
  ↳ app/controllers/api/v1/prompts_controller.rb:10:in 'Api::V1::PromptsController#random'
Completed 200 OK in 4ms (Views: 0.3ms | ActiveRecord: 0.8ms (1 query, 0 cached) | GC: 0.0ms)


Started GET "/api/v1/prompts/random?difficulty=profissional&exclude_ids=11%2C10%2C22%2C30" for ::1 at 2026-04-06 15:00:38 -0300
Processing by Api::V1::PromptsController#random as */*
  Parameters: {"difficulty" => "profissional", "exclude_ids" => "11,10,22,30"}
  [1m[36mPrompt Load (0.7ms)[0m  [1m[34mSELECT "prompts".* FROM "prompts" WHERE "prompts"."difficulty" = 'profissional' AND "prompts"."id" NOT IN (11, 10, 22, 30) ORDER BY RANDOM() LIMIT 1 /*action='random',application='Backend',controller='prompts'*/[0m
  ↳ app/controllers/api/v1/prompts_controller.rb:10:in 'Api::V1::PromptsController#random'
Completed 200 OK in 4ms (Views: 0.3ms | ActiveRecord: 0.7ms (1 query, 0 cached) | GC: 0.0ms)


